# JRE version: OpenJDK Runtime Environment (17.0.9) (build 17.0.9+0--11185874)
# Java VM: OpenJDK 64-Bit Server VM (17.0.9+0--11185874, mixed mode, tiered, compressed oops, compressed class ptrs, g1 gc, windows-amd64)
GC Precious Log:
 CPUs: 4 total, 4 available
 Memory: 7883M
 Large Page Support: Disabled
 NUMA Support: Disabled
 Compressed Oops: Enabled (32-bit)
 Heap Region Size: 1M
 Heap Min Capacity: 8M
 Heap Initial Capacity: 124M
 Heap Max Capacity: 2G
 Pre-touch: Disabled
 Parallel Workers: 4
 Concurrent Workers: 1
 Concurrent Refinement Workers: 4
 Periodic GC: Disabled
Heap:
 garbage-first heap   total 497664K, used 389536K [0x0000000080000000, 0x0000000100000000)
  region size 1024K, 187 young (191488K), 12 survivors (12288K)
 Metaspace       used 176029K, committed 177152K, reserved 1245184K
  class space    used 22837K, committed 23424K, reserved 1048576K
GC Heap History (20 events):
Event: 17.416 GC heap before
{Heap before GC invocations=49 (full 0):
 garbage-first heap   total 220160K, used 123094K [0x0000000080000000, 0x0000000100000000)
  region size 1024K, 10 young (10240K), 3 survivors (3072K)
 Metaspace       used 120430K, committed 121152K, reserved 1179648K
  class space    used 15846K, committed 16192K, reserved 1048576K
}
Event: 17.420 GC heap after
{Heap after GC invocations=50 (full 0):
 garbage-first heap   total 220160K, used 116965K [0x0000000080000000, 0x0000000100000000)
  region size 1024K, 1 young (1024K), 1 survivors (1024K)
 Metaspace       used 120430K, committed 121152K, reserved 1179648K
  class space    used 15846K, committed 16192K, reserved 1048576K
}
Event: 18.235 GC heap before
{Heap before GC invocations=50 (full 0):
 garbage-first heap   total 220160K, used 185573K [0x0000000080000000, 0x0000000100000000)
  region size 1024K, 65 young (66560K), 1 survivors (1024K)
 Metaspace       used 127004K, committed 127744K, reserved 1179648K
  class space    used 16608K, committed 16960K, reserved 1048576K
}
Event: 18.241 GC heap after
{Heap after GC invocations=51 (full 0):
 garbage-first heap   total 220160K, used 125459K [0x0000000080000000, 0x0000000100000000)
  region size 1024K, 7 young (7168K), 7 survivors (7168K)
 Metaspace       used 127004K, committed 127744K, reserved 1179648K
  class space    used 16608K, committed 16960K, reserved 1048576K
}
Event: 18.897 GC heap before
{Heap before GC invocations=52 (full 0):
 garbage-first heap   total 229376K, used 181779K [0x0000000080000000, 0x0000000100000000)
  region size 1024K, 62 young (63488K), 7 survivors (7168K)
 Metaspace       used 132357K, committed 133184K, reserved 1179648K
  class space    used 17312K, committed 17728K, reserved 1048576K
}
Event: 18.904 GC heap after
{Heap after GC invocations=53 (full 0):
 garbage-first heap   total 229376K, used 126470K [0x0000000080000000, 0x0000000100000000)
  region size 1024K, 2 young (2048K), 2 survivors (2048K)
 Metaspace       used 132357K, committed 133184K, reserved 1179648K
  class space    used 17312K, committed 17728K, reserved 1048576K
}
Event: 19.030 GC heap before
{Heap before GC invocations=53 (full 0):
 garbage-first heap   total 229376K, used 135686K [0x0000000080000000, 0x0000000100000000)
  region size 1024K, 11 young (11264K), 2 survivors (2048K)
 Metaspace       used 133132K, committed 133888K, reserved 1179648K
  class space    used 17439K, committed 17792K, reserved 1048576K
}
Event: 19.033 GC heap after
{Heap after GC invocations=54 (full 0):
 garbage-first heap   total 229376K, used 126713K [0x0000000080000000, 0x0000000100000000)
  region size 1024K, 1 young (1024K), 1 survivors (1024K)
 Metaspace       used 133132K, committed 133888K, reserved 1179648K
  class space    used 17439K, committed 17792K, reserved 1048576K
}
Event: 19.640 GC heap before
{Heap before GC invocations=54 (full 0):
 garbage-first heap   total 229376K, used 197369K [0x0000000080000000, 0x0000000100000000)
  region size 1024K, 64 young (65536K), 1 survivors (1024K)
 Metaspace       used 136728K, committed 137472K, reserved 1179648K
  class space    used 17933K, committed 18304K, reserved 1048576K
}
Event: 19.646 GC heap after
{Heap after GC invocations=55 (full 0):
 garbage-first heap   total 497664K, used 132468K [0x0000000080000000, 0x0000000100000000)
  region size 1024K, 7 young (7168K), 7 survivors (7168K)
 Metaspace       used 136728K, committed 137472K, reserved 1179648K
  class space    used 17933K, committed 18304K, reserved 1048576K
}
Event: 23.109 GC heap before
{Heap before GC invocations=55 (full 0):
 garbage-first heap   total 497664K, used 412020K [0x0000000080000000, 0x0000000100000000)
  region size 1024K, 279 young (285696K), 7 survivors (7168K)
 Metaspace       used 150613K, committed 151424K, reserved 1245184K
  class space    used 19691K, committed 20032K, reserved 1048576K
}
Event: 23.120 GC heap after
{Heap after GC invocations=56 (full 0):
 garbage-first heap   total 497664K, used 132758K [0x0000000080000000, 0x0000000100000000)
  region size 1024K, 14 young (14336K), 14 survivors (14336K)
 Metaspace       used 150613K, committed 151424K, reserved 1245184K
  class space    used 19691K, committed 20032K, reserved 1048576K
}
Event: 26.800 GC heap before
{Heap before GC invocations=56 (full 0):
 garbage-first heap   total 497664K, used 425622K [0x0000000080000000, 0x0000000100000000)
  region size 1024K, 286 young (292864K), 14 survivors (14336K)
 Metaspace       used 155319K, committed 156288K, reserved 1245184K
  class space    used 20372K, committed 20864K, reserved 1048576K
}
Event: 26.830 GC heap after
{Heap after GC invocations=57 (full 0):
 garbage-first heap   total 497664K, used 174492K [0x0000000080000000, 0x0000000100000000)
  region size 1024K, 36 young (36864K), 36 survivors (36864K)
 Metaspace       used 155319K, committed 156288K, reserved 1245184K
  class space    used 20372K, committed 20864K, reserved 1048576K
}
Event: 30.046 GC heap before
{Heap before GC invocations=57 (full 0):
 garbage-first heap   total 497664K, used 419228K [0x0000000080000000, 0x0000000100000000)
  region size 1024K, 259 young (265216K), 36 survivors (36864K)
 Metaspace       used 155361K, committed 156288K, reserved 1245184K
  class space    used 20383K, committed 20864K, reserved 1048576K
}
Event: 30.082 GC heap after
{Heap after GC invocations=58 (full 0):
 garbage-first heap   total 497664K, used 194305K [0x0000000080000000, 0x0000000100000000)
  region size 1024K, 15 young (15360K), 15 survivors (15360K)
 Metaspace       used 155361K, committed 156288K, reserved 1245184K
  class space    used 20383K, committed 20864K, reserved 1048576K
}
Event: 34.525 GC heap before
{Heap before GC invocations=58 (full 0):
 garbage-first heap   total 497664K, used 409345K [0x0000000080000000, 0x0000000100000000)
  region size 1024K, 219 young (224256K), 15 survivors (15360K)
 Metaspace       used 168564K, committed 169536K, reserved 1245184K
  class space    used 21916K, committed 22400K, reserved 1048576K
}
Event: 34.556 GC heap after
{Heap after GC invocations=59 (full 0):
 garbage-first heap   total 497664K, used 201985K [0x0000000080000000, 0x0000000100000000)
  region size 1024K, 28 young (28672K), 28 survivors (28672K)
 Metaspace       used 168564K, committed 169536K, reserved 1245184K
  class space    used 21916K, committed 22400K, reserved 1048576K
}
Event: 3505.096 GC heap before
{Heap before GC invocations=59 (full 0):
 garbage-first heap   total 497664K, used 403713K [0x0000000080000000, 0x0000000100000000)
  region size 1024K, 226 young (231424K), 28 survivors (28672K)
 Metaspace       used 173011K, committed 174144K, reserved 1245184K
  class space    used 22420K, committed 22976K, reserved 1048576K
}
Event: 3505.328 GC heap after
{Heap after GC invocations=60 (full 0):
 garbage-first heap   total 497664K, used 212384K [0x0000000080000000, 0x0000000100000000)
  region size 1024K, 12 young (12288K), 12 survivors (12288K)
 Metaspace       used 173011K, committed 174144K, reserved 1245184K
  class space    used 22420K, committed 22976K, reserved 1048576K
}

